<?xml version="1.0" encoding="UTF-8"?>
<!-- Generated by org.testng.reporters.JUnitReportReporter -->
<testsuite hostname="DESKTOP-DS6L76P" failures="0" tests="1" name="Pages.SubmitOrder" time="29.412" errors="0" timestamp="2023-10-13T19:41:04 EDT" skipped="0">
  <testcase classname="Pages.SubmitOrder" name="submitOrderTest" time="29.412"/>
  <system-out/>
</testsuite> <!-- Pages.SubmitOrder -->
